{"timestamp":"2026-03-16T22:43:30.400Z","source":"API","userLoginID":1,"username":"CS2021001","roles":["Student"],"entityType":"Member","action":"LOGIN","table":"UserLogin","recordID":1,"changes":{"username":"CS2021001"},"ip":"::1","note":""}
{"timestamp":"2026-03-16T22:56:45.397Z","source":"API","userLoginID":1,"username":"CS2021001","roles":["Student"],"entityType":"Member","action":"LOGIN","table":"UserLogin","recordID":1,"changes":{"username":"CS2021001"},"ip":"::1","note":""}
{"timestamp":"2026-03-16T22:57:08.010Z","source":"API","userLoginID":1,"username":"CS2021001","roles":["Student"],"entityType":"Member","action":"LOGIN","table":"UserLogin","recordID":1,"changes":{"username":"CS2021001"},"ip":"::1","note":""}
{"timestamp":"2026-03-16T23:01:20.302Z","source":"API","userLoginID":1,"username":"CS2021001","roles":["Student"],"entityType":"Member","action":"LOGIN","table":"UserLogin","recordID":1,"changes":{"username":"CS2021001"},"ip":"::1","note":""}
{"timestamp":"2026-03-16T23:01:37.734Z","source":"API","userLoginID":1,"username":"CS2021001","roles":["Student"],"entityType":"Member","action":"LOGOUT","table":"UserLogin","recordID":1,"changes":{},"ip":"::1","note":""}
{"timestamp":"2026-03-18T11:39:02.366Z","source":"API","userLoginID":1,"username":"CS2021001","roles":["Student"],"entityType":"Member","action":"LOGIN","table":"UserLogin","recordID":1,"changes":{"username":"CS2021001"},"ip":"::1","note":""}
{"timestamp":"2026-03-18T11:41:50.515Z","source":"API","userLoginID":1,"username":"CS2021001","roles":["Student"],"entityType":"Member","action":"CREATE","table":"Appointment","recordID":11,"changes":{"MemberID":1,"DoctorID":2,"AppointmentDate":"2026-03-19","AppointmentTime":"18:15","Priority":"Urgent","TokenNumber":1,"Symptoms":"105 Fever, Cold, Cough"},"ip":"::1","note":""}
{"timestamp":"2026-03-18T11:42:08.451Z","source":"API","userLoginID":1,"username":"CS2021001","roles":["Student"],"entityType":"Member","action":"UPDATE","table":"Appointment","recordID":1,"changes":{"Status":"Cancelled"},"ip":"::1","note":""}
{"timestamp":"2026-03-18T11:48:28.347Z","source":"API","userLoginID":17,"username":"DOC002","roles":[],"entityType":"Doctor","action":"UPDATE","table":"UserLogin","recordID":17,"changes":{"action":"Initial password set"},"ip":"::1","note":""}
{"timestamp":"2026-03-18T11:48:38.096Z","source":"API","userLoginID":1,"username":"CS2021001","roles":["Student"],"entityType":"Member","action":"LOGOUT","table":"UserLogin","recordID":1,"changes":{},"ip":"::1","note":""}
{"timestamp":"2026-03-18T11:48:48.162Z","source":"API","userLoginID":17,"username":"DOC002","roles":["Doctor"],"entityType":"Doctor","action":"LOGIN","table":"UserLogin","recordID":17,"changes":{"username":"DOC002"},"ip":"::1","note":""}
{"timestamp":"2026-03-18T11:49:10.880Z","source":"API","userLoginID":17,"username":"DOC002","roles":["Doctor"],"entityType":"Doctor","action":"UPDATE","table":"Appointment","recordID":11,"changes":{"Status":"Cancelled"},"ip":"::1","note":""}
{"timestamp":"2026-03-18T11:49:24.306Z","source":"API","userLoginID":17,"username":"DOC002","roles":["Doctor"],"entityType":"Doctor","action":"LOGOUT","table":"UserLogin","recordID":17,"changes":{},"ip":"::1","note":""}
{"timestamp":"2026-03-18T11:49:32.742Z","source":"API","userLoginID":1,"username":"CS2021001","roles":["Student"],"entityType":"Member","action":"LOGIN","table":"UserLogin","recordID":1,"changes":{"username":"CS2021001"},"ip":"::1","note":""}
{"timestamp":"2026-03-18T11:50:12.610Z","source":"API","userLoginID":1,"username":"CS2021001","roles":["Student"],"entityType":"Member","action":"CREATE","table":"Appointment","recordID":12,"changes":{"MemberID":1,"DoctorID":2,"AppointmentDate":"2026-03-18","AppointmentTime":"18:20","Priority":"Normal","TokenNumber":1,"Symptoms":"Fever"},"ip":"::1","note":""}
{"timestamp":"2026-03-18T11:50:19.769Z","source":"API","userLoginID":1,"username":"CS2021001","roles":["Student"],"entityType":"Member","action":"LOGOUT","table":"UserLogin","recordID":1,"changes":{},"ip":"::1","note":""}
{"timestamp":"2026-03-18T11:50:28.575Z","source":"API","userLoginID":17,"username":"DOC002","roles":["Doctor"],"entityType":"Doctor","action":"LOGIN","table":"UserLogin","recordID":17,"changes":{"username":"DOC002"},"ip":"::1","note":""}
{"timestamp":"2026-03-18T11:51:55.062Z","source":"API","userLoginID":17,"username":"DOC002","roles":["Doctor"],"entityType":"Doctor","action":"UPDATE","table":"Appointment","recordID":12,"changes":{"Status":"Completed"},"ip":"::1","note":""}
{"timestamp":"2026-03-18T11:58:50.127Z","source":"API","userLoginID":24,"username":"PHR001","roles":[],"entityType":"Staff","action":"UPDATE","table":"UserLogin","recordID":24,"changes":{"action":"Initial password set"},"ip":"::1","note":""}
{"timestamp":"2026-03-18T11:59:00.953Z","source":"API","userLoginID":17,"username":"DOC002","roles":["Doctor"],"entityType":"Doctor","action":"LOGOUT","table":"UserLogin","recordID":17,"changes":{},"ip":"::1","note":""}
{"timestamp":"2026-03-18T11:59:08.958Z","source":"API","userLoginID":24,"username":"PHR001","roles":["Pharmacist"],"entityType":"Staff","action":"LOGIN","table":"UserLogin","recordID":24,"changes":{"username":"PHR001"},"ip":"::1","note":""}
{"timestamp":"2026-03-18T12:00:28.609Z","source":"API","userLoginID":24,"username":"PHR001","roles":["Pharmacist"],"entityType":"Staff","action":"CREATE","table":"Inventory","recordID":1,"changes":{"MedicineID":1,"BatchNumber":"1","Quantity":50,"ManufactureDate":"2026-03-01","ExpiryDate":"2031-03-01","Location":"Shelf A3","PurchasePrice":100,"ReorderLevel":10},"ip":"::1","note":""}
{"timestamp":"2026-03-18T12:06:15.769Z","source":"API","userLoginID":24,"username":"PHR001","roles":["Pharmacist"],"entityType":"Staff","action":"LOGOUT","table":"UserLogin","recordID":24,"changes":{},"ip":"::1","note":""}
{"timestamp":"2026-03-18T12:06:22.672Z","source":"API","userLoginID":17,"username":"DOC002","roles":["Doctor"],"entityType":"Doctor","action":"LOGIN","table":"UserLogin","recordID":17,"changes":{"username":"DOC002"},"ip":"::1","note":""}
{"timestamp":"2026-03-18T12:18:50.293Z","source":"API","userLoginID":17,"username":"DOC002","roles":["Doctor"],"entityType":"Doctor","action":"LOGIN","table":"UserLogin","recordID":17,"changes":{"username":"DOC002"},"ip":"::1","note":""}
{"timestamp":"2026-03-18T12:19:33.560Z","source":"API","userLoginID":17,"username":"DOC002","roles":["Doctor"],"entityType":"Doctor","action":"CREATE","table":"Visit","recordID":1,"changes":{"MemberID":3,"DoctorID":2,"AppointmentID":3,"VisitDate":"2026-03-18","VisitTime":"17:49:33","ChiefComplaint":"Headache","Diagnosis":"Headache","VisitType":"Scheduled","Status":"Completed"},"ip":"::1","note":""}
{"timestamp":"2026-03-18T12:19:33.577Z","source":"API","userLoginID":17,"username":"DOC002","roles":["Doctor"],"entityType":"Doctor","action":"CREATE","table":"Prescription","recordID":1,"changes":{"VisitID":1,"MemberID":3,"DoctorID":2,"IssueDate":"2026-03-18","ValidUntil":"2026-03-28","Diagnosis":"Headache","SpecialInstructions":"Avoid light","items":[{"MedicineID":2,"Dosage":"500mg","Frequency":"Twice a day","Duration":"5","Quantity":1}]},"ip":"::1","note":""}
{"timestamp":"2026-03-18T12:19:33.597Z","source":"API","userLoginID":17,"username":"DOC002","roles":["Doctor"],"entityType":"Doctor","action":"UPDATE","table":"Appointment","recordID":3,"changes":{"Status":"Completed"},"ip":"::1","note":""}
{"timestamp":"2026-03-18T12:21:00.830Z","source":"API","userLoginID":3,"username":"ME2020003","roles":[],"entityType":"Member","action":"UPDATE","table":"UserLogin","recordID":3,"changes":{"action":"Initial password set"},"ip":"::1","note":""}
{"timestamp":"2026-03-18T12:21:06.875Z","source":"API","userLoginID":17,"username":"DOC002","roles":["Doctor"],"entityType":"Doctor","action":"LOGOUT","table":"UserLogin","recordID":17,"changes":{},"ip":"::1","note":""}
{"timestamp":"2026-03-18T12:21:19.247Z","source":"API","userLoginID":3,"username":"ME2020003","roles":["Student"],"entityType":"Member","action":"LOGIN","table":"UserLogin","recordID":3,"changes":{"username":"ME2020003"},"ip":"::1","note":""}
{"timestamp":"2026-03-18T14:56:56.354Z","source":"API","userLoginID":17,"username":"DOC002","roles":["Doctor"],"entityType":"Doctor","action":"LOGOUT","table":"UserLogin","recordID":17,"changes":{},"ip":"::1","note":""}
{"timestamp":"2026-03-18T14:57:24.545Z","source":"API","userLoginID":30,"username":"SuperAdmin01","roles":[],"entityType":"SuperAdmin","action":"UPDATE","table":"UserLogin","recordID":30,"changes":{"action":"Initial password set"},"ip":"::1","note":""}
{"timestamp":"2026-03-18T14:57:25.679Z","source":"API","userLoginID":30,"username":"SuperAdmin01","roles":["SuperAdmin"],"entityType":"SuperAdmin","action":"LOGIN","table":"UserLogin","recordID":30,"changes":{"username":"SuperAdmin01"},"ip":"::1","note":""}
{"timestamp":"2026-03-18T14:59:46.970Z","source":"API","userLoginID":30,"username":"SuperAdmin01","roles":["SuperAdmin"],"entityType":"SuperAdmin","action":"UPDATE","table":"Doctor","recordID":35,"changes":{"Name":"Dr Aarav Bose","Specialization":"Psychiatrist","Email":"aarav.bose1@hospital.com","Phone":"9369957773","LicenseNumber":"DOC129","Status":"Inactive","AvailableFrom":"12:00:00","AvailableTo":"17:00:00","WorkingDays":"Mon-Wed"},"ip":"::1","note":""}
{"timestamp":"2026-03-18T14:59:52.202Z","source":"API","userLoginID":30,"username":"SuperAdmin01","roles":["SuperAdmin"],"entityType":"SuperAdmin","action":"UPDATE","table":"Doctor","recordID":35,"changes":{"Name":"Dr Aarav Bose","Specialization":"Psychiatrist","Email":"aarav.bose1@hospital.com","Phone":"9369957773","LicenseNumber":"DOC129","Status":"Active","AvailableFrom":"12:00:00","AvailableTo":"17:00:00","WorkingDays":"Mon-Wed"},"ip":"::1","note":""}
{"timestamp":"2026-03-18T15:02:20.405Z","source":"API","userLoginID":30,"username":"SuperAdmin01","roles":["SuperAdmin"],"entityType":"SuperAdmin","action":"LOGOUT","table":"UserLogin","recordID":30,"changes":{},"ip":"::1","note":""}
{"timestamp":"2026-03-18T15:02:46.090Z","source":"API","userLoginID":27,"username":"EMP00005","roles":[],"entityType":"Staff","action":"UPDATE","table":"UserLogin","recordID":27,"changes":{"action":"Initial password set"},"ip":"::1","note":""}
{"timestamp":"2026-03-18T15:02:47.224Z","source":"API","userLoginID":27,"username":"EMP00005","roles":["Admin"],"entityType":"Staff","action":"LOGIN","table":"UserLogin","recordID":27,"changes":{"username":"EMP00005"},"ip":"::1","note":""}
{"timestamp":"2026-03-18T15:11:37.774Z","source":"API","userLoginID":27,"username":"EMP00005","roles":["Admin"],"entityType":"Staff","action":"LOGOUT","table":"UserLogin","recordID":27,"changes":{},"ip":"::1","note":""}
{"timestamp":"2026-03-18T15:11:47.215Z","source":"API","userLoginID":30,"username":"SuperAdmin01","roles":["SuperAdmin"],"entityType":"SuperAdmin","action":"LOGIN","table":"UserLogin","recordID":30,"changes":{"username":"SuperAdmin01"},"ip":"::1","note":""}
{"timestamp":"2026-03-18T15:14:36.512Z","source":"API","userLoginID":30,"username":"SuperAdmin01","roles":["SuperAdmin"],"entityType":"SuperAdmin","action":"LOGOUT","table":"UserLogin","recordID":30,"changes":{},"ip":"::1","note":""}
{"timestamp":"2026-03-18T15:16:05.485Z","source":"API","userLoginID":30,"username":"SuperAdmin01","roles":["SuperAdmin"],"entityType":"SuperAdmin","action":"LOGIN","table":"UserLogin","recordID":30,"changes":{"username":"SuperAdmin01"},"ip":"::1","note":""}
{"timestamp":"2026-03-18T15:17:08.432Z","source":"API","userLoginID":27,"username":"EMP00005","roles":["Admin"],"entityType":"Staff","action":"LOGIN","table":"UserLogin","recordID":27,"changes":{"username":"EMP00005"},"ip":"::1","note":""}
{"timestamp":"2026-03-18T15:22:06.992Z","source":"API","userLoginID":27,"username":"EMP00005","roles":["Admin"],"entityType":"Staff","action":"LOGOUT","table":"UserLogin","recordID":27,"changes":{},"ip":"::1","note":""}
{"timestamp":"2026-03-18T15:22:18.415Z","source":"API","userLoginID":30,"username":"SuperAdmin01","roles":["SuperAdmin"],"entityType":"SuperAdmin","action":"LOGIN","table":"UserLogin","recordID":30,"changes":{"username":"SuperAdmin01"},"ip":"::1","note":""}
{"timestamp":"2026-03-18T15:22:29.162Z","source":"API","userLoginID":30,"username":"SuperAdmin01","roles":["SuperAdmin"],"entityType":"SuperAdmin","action":"UPDATE","table":"Doctor","recordID":35,"changes":{"Name":"Dr Aarav Bose","Specialization":"Psychiatrist","Email":"aarav.bose1@hospital.com","Phone":"9369957773","LicenseNumber":"DOC129","Status":"Inactive","AvailableFrom":"12:00:00","AvailableTo":"17:00:00","WorkingDays":"Mon-Wed"},"ip":"::1","note":""}
{"timestamp":"2026-03-18T15:22:37.990Z","source":"API","userLoginID":30,"username":"SuperAdmin01","roles":["SuperAdmin"],"entityType":"SuperAdmin","action":"UPDATE","table":"Doctor","recordID":35,"changes":{"Name":"Dr Aarav Bose","Specialization":"Psychiatrist","Email":"aarav.bose1@hospital.com","Phone":"9369957773","LicenseNumber":"DOC129","Status":"Active","AvailableFrom":"12:00:00","AvailableTo":"17:00:00","WorkingDays":"Mon-Wed"},"ip":"::1","note":""}
{"timestamp":"2026-03-18T15:26:13.252Z","source":"API","userLoginID":30,"username":"SuperAdmin01","roles":["SuperAdmin"],"entityType":"SuperAdmin","action":"UPDATE","table":"Doctor","recordID":35,"changes":{"Name":"Dr Aarav Bose","Specialization":"Psychiatrist","Email":"aarav.bose1@hospital.com","Phone":"9369957773","LicenseNumber":"DOC129","Status":"Inactive","AvailableFrom":"12:00:00","AvailableTo":"17:00:00","WorkingDays":"Mon-Wed"},"ip":"::1","note":""}
{"timestamp":"2026-03-18T15:26:36.192Z","source":"API","userLoginID":30,"username":"SuperAdmin01","roles":["SuperAdmin"],"entityType":"SuperAdmin","action":"UPDATE","table":"Prescription","recordID":10,"changes":{"Status":"Cancelled"},"ip":"::1","note":""}
{"timestamp":"2026-03-20T11:49:02.335Z","source":"API","userLoginID":30,"username":"SuperAdmin01","roles":[],"entityType":"SuperAdmin","action":"UPDATE","table":"UserLogin","recordID":30,"changes":{"action":"Initial password set"},"ip":"::1","note":""}
{"timestamp":"2026-03-20T11:49:03.479Z","source":"API","userLoginID":30,"username":"SuperAdmin01","roles":["SuperAdmin"],"entityType":"SuperAdmin","action":"LOGIN","table":"UserLogin","recordID":30,"changes":{"username":"SuperAdmin01"},"ip":"::1","note":""}
{"timestamp":"2026-03-20T11:50:33.736Z","source":"API","userLoginID":30,"username":"SuperAdmin01","roles":["SuperAdmin"],"entityType":"SuperAdmin","action":"CREATE","table":"Doctor","recordID":56,"changes":{"Name":"Angela White","Specialization":"Oral","Email":"awhite@ymail.com","Phone":"1234567890","LicenseNumber":"P1O2R3N","Status":"Active","AvailableFrom":"09:00","AvailableTo":"17:00","WorkingDays":"Mon-Thurs"},"ip":"::1","note":""}
{"timestamp":"2026-03-20T11:50:58.466Z","source":"API","userLoginID":30,"username":"SuperAdmin01","roles":["SuperAdmin"],"entityType":"SuperAdmin","action":"UPDATE","table":"Doctor","recordID":56,"changes":{"Name":"Angela White","Specialization":"Oral","Email":"awhite@ymail.com","Phone":"1234567890","LicenseNumber":"P1O2R3N","Status":"Active","AvailableFrom":"00:00","AvailableTo":"04:00","WorkingDays":"Mon-Fri"},"ip":"::1","note":""}
{"timestamp":"2026-03-20T11:51:09.639Z","source":"API","userLoginID":30,"username":"SuperAdmin01","roles":["SuperAdmin"],"entityType":"SuperAdmin","action":"UPDATE","table":"Doctor","recordID":56,"changes":{"Name":"Dr Angela White","Specialization":"Oral","Email":"awhite@ymail.com","Phone":"1234567890","LicenseNumber":"P1O2R3N","Status":"Active","AvailableFrom":"00:00:00","AvailableTo":"04:00:00","WorkingDays":"Mon-Fri"},"ip":"::1","note":""}
{"timestamp":"2026-03-20T19:13:19.717Z","source":"API","userLoginID":30,"username":"SuperAdmin01","roles":["SuperAdmin"],"entityType":"SuperAdmin","action":"LOGOUT","table":"UserLogin","recordID":30,"changes":{},"ip":"::1","note":""}
{"timestamp":"2026-03-20T19:14:16.836Z","source":"API","userLoginID":31,"username":"SuperAdmin02","roles":[],"entityType":"SuperAdmin","action":"UPDATE","table":"UserLogin","recordID":31,"changes":{"action":"Initial password set"},"ip":"::1","note":""}
{"timestamp":"2026-03-20T19:14:17.978Z","source":"API","userLoginID":31,"username":"SuperAdmin02","roles":["SuperAdmin"],"entityType":"SuperAdmin","action":"LOGIN","table":"UserLogin","recordID":31,"changes":{"username":"SuperAdmin02"},"ip":"::1","note":""}
{"timestamp":"2026-03-20T19:15:29.554Z","source":"API","userLoginID":31,"username":"SuperAdmin02","roles":["SuperAdmin"],"entityType":"SuperAdmin","action":"UPDATE","table":"Member","recordID":10,"changes":{"Name":"Aarav Mehta","Age":22,"Email":"[aarav1@college.edu](mailto:aarav1@college.edu)","ContactNumber":"9876543210","RollNumberOrEmployeeCode":"IT2020010","Department":"IT","BloodGroup":"AB-","EmergencyContact":"9876500010","MemberType":"Student","Status":"Active","RegistrationDate":"2024-01-18","Address":"Bangalore"},"ip":"::1","note":""}
{"timestamp":"2026-03-20T19:20:50.607Z","source":"API","userLoginID":31,"username":"SuperAdmin02","roles":["SuperAdmin"],"entityType":"SuperAdmin","action":"LOGOUT","table":"UserLogin","recordID":31,"changes":{},"ip":"::1","note":""}
{"timestamp":"2026-03-20T19:22:15.950Z","source":"API","userLoginID":17,"username":"DOC002","roles":[],"entityType":"Doctor","action":"UPDATE","table":"UserLogin","recordID":17,"changes":{"action":"Initial password set"},"ip":"::1","note":""}
{"timestamp":"2026-03-20T19:22:17.090Z","source":"API","userLoginID":17,"username":"DOC002","roles":["Doctor"],"entityType":"Doctor","action":"LOGIN","table":"UserLogin","recordID":17,"changes":{"username":"DOC002"},"ip":"::1","note":""}
{"timestamp":"2026-03-20T19:24:28.683Z","source":"API","userLoginID":17,"username":"DOC002","roles":["Doctor"],"entityType":"Doctor","action":"CREATE","table":"Visit","recordID":286,"changes":{"MemberID":146,"DoctorID":2,"AppointmentID":301,"VisitDate":"2026-03-20","VisitTime":"00:54:28","ChiefComplaint":"Vomiting","Diagnosis":"Infection","VisitType":"Walk-in","Status":"Completed"},"ip":"::1","note":""}
{"timestamp":"2026-03-20T19:24:28.704Z","source":"API","userLoginID":17,"username":"DOC002","roles":["Doctor"],"entityType":"Doctor","action":"CREATE","table":"Prescription","recordID":286,"changes":{"VisitID":286,"MemberID":146,"DoctorID":2,"IssueDate":"2026-03-20","ValidUntil":"2026-12-30","Diagnosis":"Infection","SpecialInstructions":"Take after meals","items":[{"MedicineID":28,"Dosage":"5 packets","Frequency":"Twice","Duration":"2 days","Quantity":1}]},"ip":"::1","note":""}
{"timestamp":"2026-03-20T19:24:28.724Z","source":"API","userLoginID":17,"username":"DOC002","roles":["Doctor"],"entityType":"Doctor","action":"UPDATE","table":"Appointment","recordID":301,"changes":{"Status":"Completed"},"ip":"::1","note":""}
{"timestamp":"2026-03-20T19:24:52.769Z","source":"API","userLoginID":17,"username":"DOC002","roles":["Doctor"],"entityType":"Doctor","action":"LOGOUT","table":"UserLogin","recordID":17,"changes":{},"ip":"::1","note":""}
{"timestamp":"2026-03-20T19:32:48.600Z","source":"API","userLoginID":17,"username":"DOC002","roles":["Doctor"],"entityType":"Doctor","action":"LOGIN","table":"UserLogin","recordID":17,"changes":{"username":"DOC002"},"ip":"::1","note":""}
{"timestamp":"2026-03-20T19:33:30.960Z","source":"API","userLoginID":17,"username":"DOC002","roles":["Doctor"],"entityType":"Doctor","action":"LOGOUT","table":"UserLogin","recordID":17,"changes":{},"ip":"::1","note":""}
{"timestamp":"2026-03-20T19:33:55.803Z","source":"API","userLoginID":532,"username":"AR20238856","roles":[],"entityType":"Member","action":"UPDATE","table":"UserLogin","recordID":532,"changes":{"action":"Initial password set"},"ip":"::1","note":""}
{"timestamp":"2026-03-20T19:33:56.938Z","source":"API","userLoginID":532,"username":"AR20238856","roles":["Student"],"entityType":"Member","action":"LOGIN","table":"UserLogin","recordID":532,"changes":{"username":"AR20238856"},"ip":"::1","note":""}
{"timestamp":"2026-03-20T19:35:20.135Z","source":"API","userLoginID":532,"username":"AR20238856","roles":["Student"],"entityType":"Member","action":"CREATE","table":"Appointment","recordID":531,"changes":{"MemberID":256,"DoctorID":2,"AppointmentDate":"2026-03-22","AppointmentTime":"10:45:00","Priority":"Normal","TokenNumber":null,"Symptoms":"Body Pain"},"ip":"::1","note":""}
{"timestamp":"2026-03-20T19:35:27.446Z","source":"API","userLoginID":532,"username":"AR20238856","roles":["Student"],"entityType":"Member","action":"LOGOUT","table":"UserLogin","recordID":532,"changes":{},"ip":"::1","note":""}
{"timestamp":"2026-03-20T19:35:47.799Z","source":"API","userLoginID":533,"username":"CH20239830","roles":[],"entityType":"Member","action":"UPDATE","table":"UserLogin","recordID":533,"changes":{"action":"Initial password set"},"ip":"::1","note":""}
{"timestamp":"2026-03-20T19:35:48.936Z","source":"API","userLoginID":533,"username":"CH20239830","roles":["Student"],"entityType":"Member","action":"LOGIN","table":"UserLogin","recordID":533,"changes":{"username":"CH20239830"},"ip":"::1","note":""}
{"timestamp":"2026-03-20T20:21:06.994Z","source":"API","userLoginID":533,"username":"CH20239830","roles":["Student"],"entityType":"Member","action":"CREATE","table":"Appointment","recordID":532,"changes":{"MemberID":257,"DoctorID":56,"AppointmentDate":"2026-03-24","AppointmentTime":"01:30:00","Priority":"Urgent","Symptoms":"Oral Pain"},"ip":"::1","note":""}
{"timestamp":"2026-03-21T21:47:26.614Z","source":"API","userLoginID":30,"username":"SuperAdmin01","roles":["SuperAdmin"],"entityType":"SuperAdmin","action":"LOGIN","table":"UserLogin","recordID":30,"changes":{"username":"SuperAdmin01"},"ip":"::1","note":""}
{"timestamp":"2026-03-21T21:48:24.366Z","source":"API","userLoginID":30,"username":"SuperAdmin01","roles":["SuperAdmin"],"entityType":"SuperAdmin","action":"CREATE","table":"Doctor","recordID":57,"changes":{"Name":"Abcs","Specialization":"askcd","Email":"as@edu.in","Phone":"1234567890","LicenseNumber":"123","Status":"Active","AvailableFrom":"09:00","AvailableTo":"17:00","WorkingDays":"Mon"},"ip":"::1","note":""}
{"timestamp":"2026-03-21T21:48:34.707Z","source":"API","userLoginID":30,"username":"SuperAdmin01","roles":["SuperAdmin"],"entityType":"SuperAdmin","action":"UPDATE","table":"Doctor","recordID":57,"changes":{"Name":"Abcss","Specialization":"askcd","Email":"as@edu.com","Phone":"1234567891","LicenseNumber":"123","Status":"Active","AvailableFrom":"09:00:00","AvailableTo":"17:00:00","WorkingDays":"Mon"},"ip":"::1","note":""}
{"timestamp":"2026-03-21T21:48:39.091Z","source":"API","userLoginID":30,"username":"SuperAdmin01","roles":["SuperAdmin"],"entityType":"SuperAdmin","action":"DELETE","table":"Doctor","recordID":57,"changes":{"deletedRecord":{"DoctorID":57,"Name":"Abcss","Specialization":"askcd","Email":"as@edu.com","Phone":"1234567891","LicenseNumber":"123","AvailableFrom":"09:00:00","AvailableTo":"17:00:00","WorkingDays":"Mon","Status":"Active"}},"ip":"::1","note":""}
{"timestamp":"2026-03-21T21:48:51.766Z","source":"API","userLoginID":27,"username":"EMP00005","roles":["Admin"],"entityType":"Staff","action":"LOGIN","table":"UserLogin","recordID":27,"changes":{"username":"EMP00005"},"ip":"::1","note":""}
{"timestamp":"2026-03-21T21:49:13.034Z","source":"API","userLoginID":27,"username":"EMP00005","roles":["Admin"],"entityType":"Staff","action":"CREATE","table":"Doctor","recordID":58,"changes":{"Name":"adbh","Specialization":"as","Email":"asd@edu.in","Phone":"1234567890","LicenseNumber":"12","Status":"Active","AvailableFrom":"09:00","AvailableTo":"17:00","WorkingDays":"Tue"},"ip":"::1","note":""}
{"timestamp":"2026-03-21T21:49:41.433Z","source":"API","userLoginID":27,"username":"EMP00005","roles":["Admin"],"entityType":"Staff","action":"UPDATE","table":"Doctor","recordID":58,"changes":{"Name":"adbh","Specialization":"as","Email":"asd@edu.in","Phone":"1234567890","LicenseNumber":"12","Status":"Active","AvailableFrom":"09:00:00","AvailableTo":"17:00:00","WorkingDays":"Tue"},"ip":"::1","note":""}
{"timestamp":"2026-03-21T21:50:28.047Z","source":"API","userLoginID":27,"username":"EMP00005","roles":["Admin"],"entityType":"Staff","action":"LOGOUT","table":"UserLogin","recordID":27,"changes":{},"ip":"::1","note":""}
{"timestamp":"2026-03-21T21:50:38.765Z","source":"API","userLoginID":30,"username":"SuperAdmin01","roles":["SuperAdmin"],"entityType":"SuperAdmin","action":"LOGIN","table":"UserLogin","recordID":30,"changes":{"username":"SuperAdmin01"},"ip":"::1","note":""}
{"timestamp":"2026-03-21T21:50:54.466Z","source":"API","userLoginID":30,"username":"SuperAdmin01","roles":["SuperAdmin"],"entityType":"SuperAdmin","action":"DELETE","table":"Doctor","recordID":58,"changes":{"deletedRecord":{"DoctorID":58,"Name":"adbh","Specialization":"as","Email":"asd@edu.in","Phone":"1234567890","LicenseNumber":"12","AvailableFrom":"09:00:00","AvailableTo":"17:00:00","WorkingDays":"Tue","Status":"Active"}},"ip":"::1","note":""}
{"timestamp":"2026-03-21T21:51:29.393Z","source":"API","userLoginID":30,"username":"SuperAdmin01","roles":["SuperAdmin"],"entityType":"SuperAdmin","action":"LOGOUT","table":"UserLogin","recordID":30,"changes":{},"ip":"::1","note":""}
{"timestamp":"2026-03-21T21:52:29.491Z","source":"API","userLoginID":30,"username":"SuperAdmin01","roles":["SuperAdmin"],"entityType":"SuperAdmin","action":"LOGIN","table":"UserLogin","recordID":30,"changes":{"username":"SuperAdmin01"},"ip":"::1","note":""}
{"timestamp":"2026-03-21T21:52:47.744Z","source":"API","userLoginID":30,"username":"SuperAdmin01","roles":["SuperAdmin"],"entityType":"SuperAdmin","action":"DELETE","table":"Member","recordID":10,"changes":{"deletedRecord":{"MemberID":10,"Name":"Aarav Mehta","Age":22,"Email":"[aarav1@college.edu](mailto:aarav1@college.edu)","ContactNumber":"9876543210","RollNumberOrEmployeeCode":"IT2020010","Department":"IT","BloodGroup":"AB-","EmergencyContact":"9876500010","Address":"Bangalore","RegistrationDate":"2024-01-17T18:30:00.000Z","MemberType":"Student","Status":"Active"}},"ip":"::1","note":"Login deactivated and kept for audit trail"}
{"timestamp":"2026-03-21T21:53:23.158Z","source":"API","userLoginID":30,"username":"SuperAdmin01","roles":["SuperAdmin"],"entityType":"SuperAdmin","action":"LOGOUT","table":"UserLogin","recordID":30,"changes":{},"ip":"::1","note":""}
{"timestamp":"2026-03-21T21:53:42.013Z","source":"API","userLoginID":311,"username":"MA20233845","roles":[],"entityType":"Member","action":"UPDATE","table":"UserLogin","recordID":311,"changes":{"action":"Initial password set"},"ip":"::1","note":""}
{"timestamp":"2026-03-21T21:53:43.146Z","source":"API","userLoginID":311,"username":"MA20233845","roles":["Student"],"entityType":"Member","action":"LOGIN","table":"UserLogin","recordID":311,"changes":{"username":"MA20233845"},"ip":"::1","note":""}
{"timestamp":"2026-03-21T21:54:05.423Z","source":"API","userLoginID":16,"username":"DOC001","roles":[],"entityType":"Doctor","action":"UPDATE","table":"UserLogin","recordID":16,"changes":{"action":"Initial password set"},"ip":"::1","note":""}
{"timestamp":"2026-03-21T21:54:06.560Z","source":"API","userLoginID":16,"username":"DOC001","roles":["Doctor"],"entityType":"Doctor","action":"LOGIN","table":"UserLogin","recordID":16,"changes":{"username":"DOC001"},"ip":"::1","note":""}
{"timestamp":"2026-03-21T21:54:51.282Z","source":"API","userLoginID":30,"username":"SuperAdmin01","roles":["SuperAdmin"],"entityType":"SuperAdmin","action":"LOGIN","table":"UserLogin","recordID":30,"changes":{"username":"SuperAdmin01"},"ip":"::1","note":""}
{"timestamp":"2026-03-21T21:55:25.999Z","source":"API","userLoginID":30,"username":"SuperAdmin01","roles":["SuperAdmin"],"entityType":"SuperAdmin","action":"UPDATE","table":"Prescription","recordID":286,"changes":{"Status":"Cancelled"},"ip":"::1","note":""}
{"timestamp":"2026-03-21T21:55:32.863Z","source":"API","userLoginID":30,"username":"SuperAdmin01","roles":["SuperAdmin"],"entityType":"SuperAdmin","action":"DELETE","table":"Appointment","recordID":3,"changes":{"deletedRecord":{"AppointmentID":3,"MemberID":3,"DoctorID":2,"AppointmentDate":"2030-01-10T18:30:00.000Z","AppointmentTime":"11:00:00","Symptoms":"Headache","Status":"Scheduled","Priority":"Normal","TokenNumber":103,"CreatedAt":"2026-03-18T14:48:59.000Z"}},"ip":"::1","note":""}
{"timestamp":"2026-03-21T21:55:39.613Z","source":"API","userLoginID":30,"username":"SuperAdmin01","roles":["SuperAdmin"],"entityType":"SuperAdmin","action":"UPDATE","table":"Appointment","recordID":8,"changes":{"Status":"No-Show"},"ip":"::1","note":""}
{"timestamp":"2026-03-21T21:55:47.025Z","source":"API","userLoginID":30,"username":"SuperAdmin01","roles":["SuperAdmin"],"entityType":"SuperAdmin","action":"UPDATE","table":"Doctor","recordID":35,"changes":{"Name":"Dr Aarav Bose","Specialization":"Psychiatrist","Email":"aarav.bose1@hospital.com","Phone":"9369957773","LicenseNumber":"DOC129","Status":"On Leave","AvailableFrom":"12:00:00","AvailableTo":"17:00:00","WorkingDays":"Mon-Wed"},"ip":"::1","note":""}
{"timestamp":"2026-03-21T21:55:50.882Z","source":"API","userLoginID":30,"username":"SuperAdmin01","roles":["SuperAdmin"],"entityType":"SuperAdmin","action":"UPDATE","table":"Doctor","recordID":45,"changes":{"Name":"Dr Abhishek Gowda","Specialization":"Orthopedic","Email":"abhishek.gowda1@hospital.com","Phone":"9937452992","LicenseNumber":"DOC139","Status":"Active","AvailableFrom":"09:00:00","AvailableTo":"16:00:00","WorkingDays":"Mon-Fri"},"ip":"::1","note":""}
{"timestamp":"2026-03-21T21:57:23.608Z","source":"API","userLoginID":27,"username":"EMP00005","roles":["Admin"],"entityType":"Staff","action":"LOGIN","table":"UserLogin","recordID":27,"changes":{"username":"EMP00005"},"ip":"::1","note":""}
{"timestamp":"2026-03-21T21:57:27.271Z","source":"API","userLoginID":27,"username":"EMP00005","roles":["Admin"],"entityType":"Staff","action":"LOGOUT","table":"UserLogin","recordID":27,"changes":{},"ip":"::1","note":""}
{"timestamp":"2026-03-21T21:58:53.431Z","source":"API","userLoginID":30,"username":"SuperAdmin01","roles":["SuperAdmin"],"entityType":"SuperAdmin","action":"LOGIN","table":"UserLogin","recordID":30,"changes":{"username":"SuperAdmin01"},"ip":"::1","note":""}
{"timestamp":"2026-03-21T21:59:21.552Z","source":"API","userLoginID":30,"username":"SuperAdmin01","roles":["SuperAdmin"],"entityType":"SuperAdmin","action":"UPDATE","table":"Doctor","recordID":45,"changes":{"Name":"Dr Abhishek Gowda","Specialization":"Surgeon","Email":"abhishek.gowda1@hospital.com","Phone":"9937452992","LicenseNumber":"DOC139","Status":"Active","AvailableFrom":"09:00:00","AvailableTo":"16:00:00","WorkingDays":"Mon-Fri"},"ip":"::1","note":""}
{"timestamp":"2026-03-21T21:59:25.525Z","source":"API","userLoginID":30,"username":"SuperAdmin01","roles":["SuperAdmin"],"entityType":"SuperAdmin","action":"UPDATE","table":"Doctor","recordID":35,"changes":{"Name":"Dr Aarav Bose","Specialization":"Psychiatrist","Email":"aarav.bose1@hospital.com","Phone":"9369957773","LicenseNumber":"DOC129","Status":"Active","AvailableFrom":"12:00:00","AvailableTo":"17:00:00","WorkingDays":"Mon-Wed"},"ip":"::1","note":""}
{"timestamp":"2026-03-21T22:00:03.974Z","source":"API","userLoginID":30,"username":"SuperAdmin01","roles":["SuperAdmin"],"entityType":"SuperAdmin","action":"CREATE","table":"Doctor","recordID":61,"changes":{"Name":"1234","Specialization":"12","Email":"avqqq@edu.in","Phone":"1234567890","LicenseNumber":"12312","Status":"Active","AvailableFrom":"09:00","AvailableTo":"17:00","WorkingDays":"Mon"},"ip":"::1","note":""}
{"timestamp":"2026-03-21T22:00:14.011Z","source":"API","userLoginID":30,"username":"SuperAdmin01","roles":["SuperAdmin"],"entityType":"SuperAdmin","action":"DELETE","table":"Doctor","recordID":61,"changes":{"deletedRecord":{"DoctorID":61,"Name":"1234","Specialization":"12","Email":"avqqq@edu.in","Phone":"1234567890","LicenseNumber":"12312","AvailableFrom":"09:00:00","AvailableTo":"17:00:00","WorkingDays":"Mon","Status":"Active"}},"ip":"::1","note":""}
{"timestamp":"2026-03-21T22:00:19.690Z","source":"API","userLoginID":30,"username":"SuperAdmin01","roles":["SuperAdmin"],"entityType":"SuperAdmin","action":"DELETE","table":"Member","recordID":184,"changes":{"deletedRecord":{"MemberID":184,"Name":"Aditi Bose","Age":26,"Email":"aditi.bose1@college.edu","ContactNumber":"9243864908","RollNumberOrEmployeeCode":"ME20232339","Department":"Mechanical","BloodGroup":"A+","EmergencyContact":"9818661794","Address":"Kanpur","RegistrationDate":"2024-10-11T18:30:00.000Z","MemberType":"Student","Status":"Active"}},"ip":"::1","note":"Login deactivated and kept for audit trail"}
{"timestamp":"2026-03-21T22:00:39.143Z","source":"API","userLoginID":30,"username":"SuperAdmin01","roles":["SuperAdmin"],"entityType":"SuperAdmin","action":"UPDATE","table":"Prescription","recordID":78,"changes":{"Status":"Cancelled"},"ip":"::1","note":""}
{"timestamp":"2026-03-21T22:00:46.442Z","source":"API","userLoginID":30,"username":"SuperAdmin01","roles":["SuperAdmin"],"entityType":"SuperAdmin","action":"DELETE","table":"Inventory","recordID":65,"changes":{"deletedRecord":{"InventoryID":65,"MedicineID":27,"BatchNumber":"BATCH-27-2026-C","Quantity":486,"ManufactureDate":"2025-07-04T18:30:00.000Z","ExpiryDate":"2026-10-04T18:30:00.000Z","Location":"Shelf A2","SupplierID":null,"PurchaseDate":"2025-07-04T18:30:00.000Z","PurchasePrice":"41.50","ReorderLevel":22,"MinimumStock":9,"Status":"Available","LastUpdated":"2026-03-18T14:50:14.000Z"}},"ip":"::1","note":""}
{"timestamp":"2026-03-21T22:01:19.990Z","source":"API","userLoginID":27,"username":"EMP00005","roles":["Admin"],"entityType":"Staff","action":"LOGIN","table":"UserLogin","recordID":27,"changes":{"username":"EMP00005"},"ip":"::1","note":""}
{"timestamp":"2026-03-21T22:07:35.005Z","source":"API","userLoginID":27,"username":"EMP00005","roles":["Admin"],"entityType":"Staff","action":"LOGOUT","table":"UserLogin","recordID":27,"changes":{},"ip":"::1","note":""}
{"timestamp":"2026-03-21T22:07:44.730Z","source":"API","userLoginID":16,"username":"DOC001","roles":["Doctor"],"entityType":"Doctor","action":"LOGIN","table":"UserLogin","recordID":16,"changes":{"username":"DOC001"},"ip":"::1","note":""}
{"timestamp":"2026-03-21T23:15:22.284Z","source":"API","userLoginID":16,"username":"DOC001","roles":["Doctor"],"entityType":"Doctor","action":"LOGOUT","table":"UserLogin","recordID":16,"changes":{},"ip":"::1","note":""}
{"timestamp":"2026-03-21T23:15:31.387Z","source":"API","userLoginID":30,"username":"SuperAdmin01","roles":["SuperAdmin"],"entityType":"SuperAdmin","action":"LOGIN","table":"UserLogin","recordID":30,"changes":{"username":"SuperAdmin01"},"ip":"::1","note":""}
{"timestamp":"2026-03-21T23:15:34.799Z","source":"API","userLoginID":30,"username":"SuperAdmin01","roles":["SuperAdmin"],"entityType":"SuperAdmin","action":"LOGOUT","table":"UserLogin","recordID":30,"changes":{},"ip":"::1","note":""}
{"timestamp":"2026-03-21T23:15:41.455Z","source":"API","userLoginID":27,"username":"EMP00005","roles":["Admin"],"entityType":"Staff","action":"LOGIN","table":"UserLogin","recordID":27,"changes":{"username":"EMP00005"},"ip":"::1","note":""}
{"timestamp":"2026-03-21T23:16:12.331Z","source":"API","userLoginID":27,"username":"EMP00005","roles":["Admin"],"entityType":"Staff","action":"LOGOUT","table":"UserLogin","recordID":27,"changes":{},"ip":"::1","note":""}
{"timestamp":"2026-03-21T23:18:10.161Z","source":"API","userLoginID":1,"username":"CS2021001","roles":[],"entityType":"Member","action":"UPDATE","table":"UserLogin","recordID":1,"changes":{"action":"Initial password set"},"ip":"::1","note":""}
{"timestamp":"2026-03-21T23:18:11.308Z","source":"API","userLoginID":1,"username":"CS2021001","roles":["Student"],"entityType":"Member","action":"LOGIN","table":"UserLogin","recordID":1,"changes":{"username":"CS2021001"},"ip":"::1","note":""}
{"timestamp":"2026-03-21T23:18:52.300Z","source":"API","userLoginID":1,"username":"CS2021001","roles":["Student"],"entityType":"Member","action":"LOGOUT","table":"UserLogin","recordID":1,"changes":{},"ip":"::1","note":""}
{"timestamp":"2026-03-21T23:19:57.364Z","source":"API","userLoginID":1,"username":"CS2021001","roles":["Student"],"entityType":"Member","action":"LOGIN","table":"UserLogin","recordID":1,"changes":{"username":"CS2021001"},"ip":"::1","note":""}
{"timestamp":"2026-03-21T23:21:35.382Z","source":"API","userLoginID":1,"username":"CS2021001","roles":["Student"],"entityType":"Member","action":"CREATE","table":"Appointment","recordID":533,"changes":{"MemberID":1,"DoctorID":1,"AppointmentDate":"2026-03-24","AppointmentTime":"09:00:00","Priority":"Normal","Symptoms":"Fever"},"ip":"::1","note":""}
{"timestamp":"2026-03-21T23:21:46.803Z","source":"API","userLoginID":1,"username":"CS2021001","roles":["Student"],"entityType":"Member","action":"LOGOUT","table":"UserLogin","recordID":1,"changes":{},"ip":"::1","note":""}
{"timestamp":"2026-03-21T23:21:58.937Z","source":"API","userLoginID":311,"username":"MA20233845","roles":["Student"],"entityType":"Member","action":"LOGIN","table":"UserLogin","recordID":311,"changes":{"username":"MA20233845"},"ip":"::1","note":""}
{"timestamp":"2026-03-21T23:22:24.308Z","source":"API","userLoginID":311,"username":"MA20233845","roles":["Student"],"entityType":"Member","action":"CREATE","table":"Appointment","recordID":534,"changes":{"MemberID":35,"DoctorID":1,"AppointmentDate":"2026-03-24","AppointmentTime":"09:30:00","Priority":"Normal","Symptoms":"Fever"},"ip":"::1","note":""}
{"timestamp":"2026-03-21T23:22:34.399Z","source":"API","userLoginID":311,"username":"MA20233845","roles":["Student"],"entityType":"Member","action":"LOGOUT","table":"UserLogin","recordID":311,"changes":{},"ip":"::1","note":""}
{"timestamp":"2026-03-21T23:22:42.488Z","source":"API","userLoginID":16,"username":"DOC001","roles":["Doctor"],"entityType":"Doctor","action":"LOGIN","table":"UserLogin","recordID":16,"changes":{"username":"DOC001"},"ip":"::1","note":""}
{"timestamp":"2026-03-21T23:29:20.219Z","source":"API","userLoginID":16,"username":"DOC001","roles":["Doctor"],"entityType":"Doctor","action":"LOGOUT","table":"UserLogin","recordID":16,"changes":{},"ip":"::1","note":""}
{"timestamp":"2026-03-21T23:29:46.442Z","source":"API","userLoginID":16,"username":"DOC001","roles":["Doctor"],"entityType":"Doctor","action":"LOGIN","table":"UserLogin","recordID":16,"changes":{"username":"DOC001"},"ip":"::1","note":""}
{"timestamp":"2026-03-21T23:30:30.320Z","source":"API","userLoginID":16,"username":"DOC001","roles":["Doctor"],"entityType":"Doctor","action":"UPDATE","table":"Prescription","recordID":118,"changes":{"Status":"Cancelled"},"ip":"::1","note":""}
{"timestamp":"2026-03-21T23:36:41.513Z","source":"API","userLoginID":6,"username":"BT2021006","roles":[],"entityType":"Member","action":"UPDATE","table":"UserLogin","recordID":6,"changes":{"action":"Initial password set"},"ip":"::1","note":""}
{"timestamp":"2026-03-21T23:37:09.653Z","source":"API","userLoginID":33,"username":"DOC101","roles":[],"entityType":"Doctor","action":"UPDATE","table":"UserLogin","recordID":33,"changes":{"action":"Initial password set"},"ip":"::1","note":""}
{"timestamp":"2026-03-21T23:37:35.793Z","source":"API","userLoginID":361,"username":"FO20215920","roles":[],"entityType":"Member","action":"UPDATE","table":"UserLogin","recordID":361,"changes":{"action":"Initial password set"},"ip":"::1","note":""}
{"timestamp":"2026-03-21T23:43:05.505Z","source":"API","userLoginID":30,"username":"SuperAdmin01","roles":["SuperAdmin"],"entityType":"SuperAdmin","action":"LOGIN","table":"UserLogin","recordID":30,"changes":{"username":"SuperAdmin01"},"ip":"::1","note":""}
{"timestamp":"2026-03-21T23:44:46.139Z","source":"API","userLoginID":6,"username":"BT2021006","roles":["Student"],"entityType":"Member","action":"LOGIN","table":"UserLogin","recordID":6,"changes":{"username":"BT2021006"},"ip":"::1","note":""}
{"timestamp":"2026-03-21T23:57:36.830Z","source":"API","userLoginID":82,"username":"EMP00006","roles":[],"entityType":"Staff","action":"UPDATE","table":"UserLogin","recordID":82,"changes":{"action":"Initial password set"},"ip":"::1","note":""}
{"timestamp":"2026-03-21T23:57:41.612Z","source":"API","userLoginID":18,"username":"DOC003","roles":[],"entityType":"Doctor","action":"UPDATE","table":"UserLogin","recordID":18,"changes":{"action":"Initial password set"},"ip":"::1","note":""}
{"timestamp":"2026-03-21T23:57:47.125Z","source":"API","userLoginID":2,"username":"EC2022002","roles":[],"entityType":"Member","action":"UPDATE","table":"UserLogin","recordID":2,"changes":{"action":"Initial password set"},"ip":"::1","note":""}
{"timestamp":"2026-03-21T23:58:15.021Z","source":"API","userLoginID":30,"username":"SuperAdmin01","roles":["SuperAdmin"],"entityType":"SuperAdmin","action":"LOGIN","table":"UserLogin","recordID":30,"changes":{"username":"SuperAdmin01"},"ip":"::1","note":""}
{"timestamp":"2026-03-21T23:58:21.478Z","source":"API","userLoginID":82,"username":"EMP00006","roles":["Admin"],"entityType":"Staff","action":"LOGIN","table":"UserLogin","recordID":82,"changes":{"username":"EMP00006"},"ip":"::1","note":""}
{"timestamp":"2026-03-21T23:58:27.255Z","source":"API","userLoginID":18,"username":"DOC003","roles":["Doctor"],"entityType":"Doctor","action":"LOGIN","table":"UserLogin","recordID":18,"changes":{"username":"DOC003"},"ip":"::1","note":""}
{"timestamp":"2026-03-21T23:59:36.686Z","source":"API","userLoginID":2,"username":"EC2022002","roles":["Student"],"entityType":"Member","action":"LOGIN","table":"UserLogin","recordID":2,"changes":{"username":"EC2022002"},"ip":"::1","note":""}
{"timestamp":"2026-03-22T00:00:03.438Z","source":"API","userLoginID":2,"username":"EC2022002","roles":["Student"],"entityType":"Member","action":"UPDATE","table":"UserLogin","recordID":2,"changes":{"action":"Password changed"},"ip":"::1","note":""}
{"timestamp":"2026-03-22T00:00:30.367Z","source":"API","userLoginID":30,"username":"SuperAdmin01","roles":["SuperAdmin"],"entityType":"SuperAdmin","action":"DELETE","table":"Member","recordID":11,"changes":{"deletedRecord":{"MemberID":11,"Name":"Lakshmi Singh","Age":40,"Email":"lakshmi.singh1@college.edu","ContactNumber":"9061497310","RollNumberOrEmployeeCode":"EL20237349","Department":"Electrical","BloodGroup":"B+","EmergencyContact":"9417146774","Address":"Bangalore","RegistrationDate":"2022-08-10T18:30:00.000Z","MemberType":"Student","Status":"Active"}},"ip":"::1","note":"Login deactivated and kept for audit trail"}
{"timestamp":"2026-03-22T00:00:47.579Z","source":"API","userLoginID":82,"username":"EMP00006","roles":["Admin"],"entityType":"Staff","action":"CREATE","table":"Member","recordID":261,"changes":{"Name":"Test Student","Age":20,"Email":"test.student@college.edu","ContactNumber":"9876543299","RollNumberOrEmployeeCode":"TS2024001","Department":"Computer Science","BloodGroup":"O+","EmergencyContact":"9876500001","Address":"Mumbai","RegistrationDate":"2026-01-01","MemberType":"Student","Status":"Active"},"ip":"::1","note":""}
{"timestamp":"2026-03-22T00:00:56.386Z","source":"API","userLoginID":82,"username":"EMP00006","roles":["Admin"],"entityType":"Staff","action":"UPDATE","table":"Member","recordID":1,"changes":{"Department":"Information Technology","Address":"Bangalore"},"ip":"::1","note":""}
{"timestamp":"2026-03-22T00:01:07.607Z","source":"API","userLoginID":82,"username":"EMP00006","roles":["Admin"],"entityType":"Staff","action":"UPDATE","table":"DoctorSchedule","recordID":1,"changes":{"schedule":[{"day":"Monday","isActive":true,"startTime":"09:00","endTime":"17:00"},{"day":"Tuesday","isActive":true,"startTime":"09:00","endTime":"17:00"},{"day":"Wednesday","isActive":true,"startTime":"09:00","endTime":"13:00"},{"day":"Thursday","isActive":true,"startTime":"09:00","endTime":"17:00"},{"day":"Friday","isActive":true,"startTime":"09:00","endTime":"17:00"},{"day":"Saturday","isActive":false,"startTime":null,"endTime":null},{"day":"Sunday","isActive":false,"startTime":null,"endTime":null}]},"ip":"::1","note":""}
{"timestamp":"2026-03-22T00:01:16.352Z","source":"API","userLoginID":82,"username":"EMP00006","roles":["Admin"],"entityType":"Staff","action":"CREATE","table":"Inventory","recordID":84,"changes":{"MedicineID":1,"BatchNumber":"PARA-2026-Z","Quantity":500,"ManufactureDate":"2025-01-01","ExpiryDate":"2027-01-01","Location":"Shelf A1","PurchasePrice":1.8,"ReorderLevel":50,"MinimumStock":20},"ip":"::1","note":""}
{"timestamp":"2026-03-22T00:02:17.104Z","source":"API","userLoginID":18,"username":"DOC003","roles":["Doctor"],"entityType":"Doctor","action":"CREATE","table":"Prescription","recordID":287,"changes":{"VisitID":1,"MemberID":1,"DoctorID":1,"IssueDate":"2030-04-14","ValidUntil":"2030-04-24","Diagnosis":"Viral fever","SpecialInstructions":"Take after meals","items":[{"MedicineID":1,"Dosage":"500mg","Frequency":"Twice daily","Duration":"5 days","Quantity":10},{"MedicineID":3,"Dosage":"10mg","Frequency":"Once daily","Duration":"3 days","Quantity":3}]},"ip":"::1","note":""}
{"timestamp":"2026-03-22T00:06:11.306Z","source":"API","userLoginID":18,"username":"DOC003","roles":["Doctor"],"entityType":"Doctor","action":"CREATE","table":"Prescription","recordID":288,"changes":{"VisitID":1,"MemberID":1,"DoctorID":1,"IssueDate":"2030-04-14","ValidUntil":"2030-04-24","Diagnosis":"Viral fever","SpecialInstructions":"Take after meals","items":[{"MedicineID":1,"Dosage":"500mg","Frequency":"Twice daily","Duration":"5 days","Quantity":10},{"MedicineID":3,"Dosage":"10mg","Frequency":"Once daily","Duration":"3 days","Quantity":3}]},"ip":"::1","note":""}
{"timestamp":"2026-03-22T00:07:51.278Z","source":"API","userLoginID":2,"username":"EC2022002","roles":["Student"],"entityType":"Member","action":"CREATE","table":"Appointment","recordID":535,"changes":{"MemberID":2,"DoctorID":1,"AppointmentDate":"2030-04-11","AppointmentTime":"10:00:00","Symptoms":"Headache and fever","Priority":"Normal"},"ip":"::1","note":""}
{"timestamp":"2026-03-22T00:09:14.237Z","source":"API","userLoginID":2,"username":"EC2022002","roles":["Student"],"entityType":"Member","action":"CREATE","table":"Appointment","recordID":536,"changes":{"MemberID":2,"DoctorID":1,"AppointmentDate":"2030-04-15","AppointmentTime":"10:00:00","Symptoms":"Headache and fever","Priority":"Normal"},"ip":"::1","note":""}
{"timestamp":"2026-03-22T00:09:43.215Z","source":"API","userLoginID":2,"username":"EC2022002","roles":["Student"],"entityType":"Member","action":"UPDATE","table":"Appointment","recordID":2,"changes":{"Status":"Cancelled"},"ip":"::1","note":""}
